This is pdfTeX, Version 3.14159265-2.6-1.40.18 (MiKTeX 2.9.6600 64-bit) (preloaded format=pdflatex 2018.2.21)  13 JUL 2018 22:36
entering extended mode
**./title.tex
(title.tex
LaTeX2e <2017-04-15>
Babel <3.17> and hyphenation patterns for 75 language(s) loaded.
("C:\Users\ASUS\AppData\Local\Programs\MiKTeX 2.9\tex\latex\base\report.cls"
Document Class: report 2014/09/29 v1.4h Standard LaTeX document class
("C:\Users\ASUS\AppData\Local\Programs\MiKTeX 2.9\tex\latex\base\size12.clo"
File: size12.clo 2014/09/29 v1.4h Standard LaTeX file (size option)
)
\c@part=\count79
\c@chapter=\count80
\c@section=\count81
\c@subsection=\count82
\c@subsubsection=\count83
\c@paragraph=\count84
\c@subparagraph=\count85
\c@figure=\count86
\c@table=\count87
\abovecaptionskip=\skip41
\belowcaptionskip=\skip42
\bibindent=\dimen102
)
("C:\Users\ASUS\AppData\Local\Programs\MiKTeX 2.9\tex\latex\geometry\geometry.s
ty"
Package: geometry 2010/09/12 v5.6 Page Geometry

("C:\Users\ASUS\AppData\Local\Programs\MiKTeX 2.9\tex\latex\graphics\keyval.sty
"
Package: keyval 2014/10/28 v1.15 key=value parser (DPC)
\KV@toks@=\toks14
)
("C:\Users\ASUS\AppData\Local\Programs\MiKTeX 2.9\tex\generic\oberdiek\ifpdf.st
y"
Package: ifpdf 2017/03/15 v3.2 Provides the ifpdf switch
)
("C:\Users\ASUS\AppData\Local\Programs\MiKTeX 2.9\tex\generic\oberdiek\ifvtex.s
ty"
Package: ifvtex 2016/05/16 v1.6 Detect VTeX and its facilities (HO)
Package ifvtex Info: VTeX not detected.
)
("C:\Users\ASUS\AppData\Local\Programs\MiKTeX 2.9\tex\generic\ifxetex\ifxetex.s
ty"
Package: ifxetex 2010/09/12 v0.6 Provides ifxetex conditional
)
\Gm@cnth=\count88
\Gm@cntv=\count89
\c@Gm@tempcnt=\count90
\Gm@bindingoffset=\dimen103
\Gm@wd@mp=\dimen104
\Gm@odd@mp=\dimen105
\Gm@even@mp=\dimen106
\Gm@layoutwidth=\dimen107
\Gm@layoutheight=\dimen108
\Gm@layouthoffset=\dimen109
\Gm@layoutvoffset=\dimen110
\Gm@dimlist=\toks15

("C:\Users\ASUS\AppData\Local\Programs\MiKTeX 2.9\tex\latex\geometry\geometry.c
fg"))
("C:\Users\ASUS\AppData\Local\Programs\MiKTeX 2.9\tex\latex\graphics\graphicx.s
ty"
Package: graphicx 2017/06/01 v1.1a Enhanced LaTeX Graphics (DPC,SPQR)

("C:\Users\ASUS\AppData\Local\Programs\MiKTeX 2.9\tex\latex\graphics\graphics.s
ty"
Package: graphics 2017/06/25 v1.2c Standard LaTeX Graphics (DPC,SPQR)

("C:\Users\ASUS\AppData\Local\Programs\MiKTeX 2.9\tex\latex\graphics\trig.sty"
Package: trig 2016/01/03 v1.10 sin cos tan (DPC)
)
("C:\Users\ASUS\AppData\Local\Programs\MiKTeX 2.9\tex\latex\graphics-cfg\graphi
cs.cfg"
File: graphics.cfg 2016/06/04 v1.11 sample graphics configuration
)
Package graphics Info: Driver file: pdftex.def on input line 99.

("C:\Users\ASUS\AppData\Local\Programs\MiKTeX 2.9\tex\latex\graphics-def\pdftex
.def"
File: pdftex.def 2018/01/08 v1.0l Graphics/color driver for pdftex
))
\Gin@req@height=\dimen111
\Gin@req@width=\dimen112
)
("C:\Users\ASUS\AppData\Local\Programs\MiKTeX 2.9\tex\latex\hyperref\hyperref.s
ty"
Package: hyperref 2018/02/06 v6.86b Hypertext links for LaTeX

("C:\Users\ASUS\AppData\Local\Programs\MiKTeX 2.9\tex\generic\oberdiek\hobsub-h
yperref.sty"
Package: hobsub-hyperref 2016/05/16 v1.14 Bundle oberdiek, subset hyperref (HO)


("C:\Users\ASUS\AppData\Local\Programs\MiKTeX 2.9\tex\generic\oberdiek\hobsub-g
eneric.sty"
Package: hobsub-generic 2016/05/16 v1.14 Bundle oberdiek, subset generic (HO)
Package: hobsub 2016/05/16 v1.14 Construct package bundles (HO)
Package: infwarerr 2016/05/16 v1.4 Providing info/warning/error messages (HO)
Package: ltxcmds 2016/05/16 v1.23 LaTeX kernel commands for general use (HO)
Package: ifluatex 2016/05/16 v1.4 Provides the ifluatex switch (HO)
Package ifluatex Info: LuaTeX not detected.
Package hobsub Info: Skipping package `ifvtex' (already loaded).
Package: intcalc 2016/05/16 v1.2 Expandable calculations with integers (HO)
Package hobsub Info: Skipping package `ifpdf' (already loaded).
Package: etexcmds 2016/05/16 v1.6 Avoid name clashes with e-TeX commands (HO)
Package etexcmds Info: Could not find \expanded.
(etexcmds)             That can mean that you are not using pdfTeX 1.50 or
(etexcmds)             that some package has redefined \expanded.
(etexcmds)             In the latter case, load this package earlier.
Package: kvsetkeys 2016/05/16 v1.17 Key value parser (HO)
Package: kvdefinekeys 2016/05/16 v1.4 Define keys (HO)
Package: pdftexcmds 2018/01/21 v0.26 Utility functions of pdfTeX for LuaTeX (HO
)
Package pdftexcmds Info: LuaTeX not detected.
Package pdftexcmds Info: \pdf@primitive is available.
Package pdftexcmds Info: \pdf@ifprimitive is available.
Package pdftexcmds Info: \pdfdraftmode found.
Package: pdfescape 2016/05/16 v1.14 Implements pdfTeX's escape features (HO)
Package: bigintcalc 2016/05/16 v1.4 Expandable calculations on big integers (HO
)
Package: bitset 2016/05/16 v1.2 Handle bit-vector datatype (HO)
Package: uniquecounter 2016/05/16 v1.3 Provide unlimited unique counter (HO)
)
Package hobsub Info: Skipping package `hobsub' (already loaded).
Package: letltxmacro 2016/05/16 v1.5 Let assignment for LaTeX macros (HO)
Package: hopatch 2016/05/16 v1.3 Wrapper for package hooks (HO)
Package: xcolor-patch 2016/05/16 xcolor patch
Package: atveryend 2016/05/16 v1.9 Hooks at the very end of document (HO)
Package atveryend Info: \enddocument detected (standard20110627).
Package: atbegshi 2016/06/09 v1.18 At begin shipout hook (HO)
Package: refcount 2016/05/16 v3.5 Data extraction from label references (HO)
Package: hycolor 2016/05/16 v1.8 Color options for hyperref/bookmark (HO)
)
("C:\Users\ASUS\AppData\Local\Programs\MiKTeX 2.9\tex\latex\oberdiek\auxhook.st
y"
Package: auxhook 2016/05/16 v1.4 Hooks for auxiliary files (HO)
)
("C:\Users\ASUS\AppData\Local\Programs\MiKTeX 2.9\tex\latex\oberdiek\kvoptions.
sty"
Package: kvoptions 2016/05/16 v3.12 Key value format for package options (HO)
)
\@linkdim=\dimen113
\Hy@linkcounter=\count91
\Hy@pagecounter=\count92

("C:\Users\ASUS\AppData\Local\Programs\MiKTeX 2.9\tex\latex\hyperref\pd1enc.def
"
File: pd1enc.def 2018/02/06 v6.86b Hyperref: PDFDocEncoding definition (HO)
)
\Hy@SavedSpaceFactor=\count93

("C:\Users\ASUS\AppData\Local\Programs\MiKTeX 2.9\tex\latex\00miktex\hyperref.c
fg"
File: hyperref.cfg 2002/06/06 v1.2 hyperref configuration of TeXLive
)
Package hyperref Info: Option `bookmarks' set `true' on input line 4383.
Package hyperref Info: Option `colorlinks' set `false' on input line 4383.
Package hyperref Info: Hyper figures OFF on input line 4509.
Package hyperref Info: Link nesting OFF on input line 4514.
Package hyperref Info: Hyper index ON on input line 4517.
Package hyperref Info: Plain pages OFF on input line 4524.
Package hyperref Info: Backreferencing OFF on input line 4529.
Package hyperref Info: Implicit mode ON; LaTeX internals redefined.
Package hyperref Info: Bookmarks ON on input line 4762.
\c@Hy@tempcnt=\count94
 ("C:\Users\ASUS\AppData\Local\Programs\MiKTeX 2.9\tex\latex\url\url.sty"
\Urlmuskip=\muskip10
Package: url 2013/09/16  ver 3.4  Verb mode for urls, etc.
)
LaTeX Info: Redefining \url on input line 5115.
\XeTeXLinkMargin=\dimen114
\Fld@menulength=\count95
\Field@Width=\dimen115
\Fld@charsize=\dimen116
Package hyperref Info: Hyper figures OFF on input line 6369.
Package hyperref Info: Link nesting OFF on input line 6374.
Package hyperref Info: Hyper index ON on input line 6377.
Package hyperref Info: backreferencing OFF on input line 6384.
Package hyperref Info: Link coloring OFF on input line 6389.
Package hyperref Info: Link coloring with OCG OFF on input line 6394.
Package hyperref Info: PDF/A mode OFF on input line 6399.
LaTeX Info: Redefining \ref on input line 6439.
LaTeX Info: Redefining \pageref on input line 6443.
\Hy@abspage=\count96
\c@Item=\count97
\c@Hfootnote=\count98
)
Package hyperref Info: Driver (autodetected): hpdftex.

("C:\Users\ASUS\AppData\Local\Programs\MiKTeX 2.9\tex\latex\hyperref\hpdftex.de
f"
File: hpdftex.def 2018/02/06 v6.86b Hyperref driver for pdfTeX
\Fld@listcount=\count99
\c@bookmark@seq@number=\count100

("C:\Users\ASUS\AppData\Local\Programs\MiKTeX 2.9\tex\latex\oberdiek\rerunfilec
heck.sty"
Package: rerunfilecheck 2016/05/16 v1.8 Rerun checks for auxiliary files (HO)
Package uniquecounter Info: New unique counter `rerunfilecheck' on input line 2
82.
)
\Hy@SectionHShift=\skip43
)
("C:\Users\ASUS\AppData\Local\Programs\MiKTeX 2.9\tex\latex\pdfpages\pdfpages.s
ty"
Package: pdfpages 2017/10/31 v0.5l Insert pages of external PDF documents (AM)
 ("C:\Users\ASUS\AppData\Local\Programs\MiKTeX 2.9\tex\latex\base\ifthen.sty"
Package: ifthen 2014/09/29 v1.1c Standard LaTeX ifthen package (DPC)
) ("C:\Users\ASUS\AppData\Local\Programs\MiKTeX 2.9\tex\latex\tools\calc.sty"
Package: calc 2014/10/28 v4.3 Infix arithmetic (KKT,FJ)
\calc@Acount=\count101
\calc@Bcount=\count102
\calc@Adimen=\dimen117
\calc@Bdimen=\dimen118
\calc@Askip=\skip44
\calc@Bskip=\skip45
LaTeX Info: Redefining \setlength on input line 80.
LaTeX Info: Redefining \addtolength on input line 81.
\calc@Ccount=\count103
\calc@Cskip=\skip46
) ("C:\Users\ASUS\AppData\Local\Programs\MiKTeX 2.9\tex\latex\eso-pic\eso-pic.s
ty"
Package: eso-pic 2015/07/21 v2.0g eso-pic (RN)
 ("C:\Users\ASUS\AppData\Local\Programs\MiKTeX 2.9\tex\latex\xcolor\xcolor.sty"
Package: xcolor 2016/05/11 v2.12 LaTeX color extensions (UK)

("C:\Users\ASUS\AppData\Local\Programs\MiKTeX 2.9\tex\latex\graphics-cfg\color.
cfg"
File: color.cfg 2016/01/02 v1.6 sample color configuration
)
Package xcolor Info: Driver file: pdftex.def on input line 225.
Package xcolor Info: Model `cmy' substituted by `cmy0' on input line 1348.
Package xcolor Info: Model `hsb' substituted by `rgb' on input line 1352.
Package xcolor Info: Model `RGB' extended on input line 1364.
Package xcolor Info: Model `HTML' substituted by `rgb' on input line 1366.
Package xcolor Info: Model `Hsb' substituted by `hsb' on input line 1367.
Package xcolor Info: Model `tHsb' substituted by `hsb' on input line 1368.
Package xcolor Info: Model `HSB' substituted by `hsb' on input line 1369.
Package xcolor Info: Model `Gray' substituted by `gray' on input line 1370.
Package xcolor Info: Model `wave' substituted by `hsb' on input line 1371.
))
\AM@pagewidth=\dimen119
\AM@pageheight=\dimen120

("C:\Users\ASUS\AppData\Local\Programs\MiKTeX 2.9\tex\latex\pdfpages\pppdftex.d
ef"
File: pppdftex.def 2017/10/31 v0.5l Pdfpages driver for pdfTeX (AM)
)
\AM@pagebox=\box26
\AM@global@opts=\toks16
\AM@toc@title=\toks17
\c@AM@survey=\count104
\AM@templatesizebox=\box27
)
("C:\Users\ASUS\AppData\Local\Programs\MiKTeX 2.9\tex\latex\float\float.sty"
Package: float 2001/11/08 v1.3d Float enhancements (AL)
\c@float@type=\count105
\float@exts=\toks18
\float@box=\box28
\@float@everytoks=\toks19
\@floatcapt=\box29
)
("C:\Users\ASUS\AppData\Local\Programs\MiKTeX 2.9\tex\latex\pslatex\pslatex.sty
"
Package: pslatex 1996/07/24 v1.2 pslatex emulation (DPC)
LaTeX Font Info:    Redeclaring symbol font `operators' on input line 65.
LaTeX Font Info:    Overwriting symbol font `operators' in version `normal'
(Font)                  OT1/cmr/m/n --> OT1/ptmcm/m/n on input line 65.
LaTeX Font Info:    Overwriting symbol font `operators' in version `bold'
(Font)                  OT1/cmr/bx/n --> OT1/ptmcm/m/n on input line 65.
LaTeX Font Info:    Redeclaring symbol font `letters' on input line 66.
LaTeX Font Info:    Overwriting symbol font `letters' in version `normal'
(Font)                  OML/cmm/m/it --> OML/ptmcm/m/it on input line 66.
LaTeX Font Info:    Overwriting symbol font `letters' in version `bold'
(Font)                  OML/cmm/b/it --> OML/ptmcm/m/it on input line 66.
LaTeX Font Info:    Redeclaring symbol font `symbols' on input line 67.
LaTeX Font Info:    Overwriting symbol font `symbols' in version `normal'
(Font)                  OMS/cmsy/m/n --> OMS/pzccm/m/n on input line 67.
LaTeX Font Info:    Overwriting symbol font `symbols' in version `bold'
(Font)                  OMS/cmsy/b/n --> OMS/pzccm/m/n on input line 67.
LaTeX Font Info:    Redeclaring symbol font `largesymbols' on input line 68.
LaTeX Font Info:    Overwriting symbol font `largesymbols' in version `normal'
(Font)                  OMX/cmex/m/n --> OMX/psycm/m/n on input line 68.
LaTeX Font Info:    Overwriting symbol font `largesymbols' in version `bold'
(Font)                  OMX/cmex/m/n --> OMX/psycm/m/n on input line 68.
\symbold=\mathgroup4
\symitalic=\mathgroup5
LaTeX Font Info:    Redeclaring math alphabet \mathbf on input line 74.
LaTeX Font Info:    Overwriting math alphabet `\mathbf' in version `normal'
(Font)                  OT1/cmr/bx/n --> OT1/ptm/bx/n on input line 74.
LaTeX Font Info:    Overwriting math alphabet `\mathbf' in version `bold'
(Font)                  OT1/cmr/bx/n --> OT1/ptm/bx/n on input line 74.
LaTeX Font Info:    Redeclaring math alphabet \mathit on input line 75.
LaTeX Font Info:    Overwriting math alphabet `\mathit' in version `normal'
(Font)                  OT1/cmr/m/it --> OT1/ptm/m/it on input line 75.
LaTeX Font Info:    Overwriting math alphabet `\mathit' in version `bold'
(Font)                  OT1/cmr/bx/it --> OT1/ptm/m/it on input line 75.
) ("C:\Users\ASUS\AppData\Local\Programs\MiKTeX 2.9\tex\latex\tools\array.sty"
Package: array 2016/10/06 v2.4d Tabular extension package (FMi)
\col@sep=\dimen121
\extrarowheight=\dimen122
\NC@list=\toks20
\extratabsurround=\skip47
\backup@length=\skip48
)
("C:\Users\ASUS\AppData\Local\Programs\MiKTeX 2.9\tex\latex\setspace\setspace.s
ty"
Package: setspace 2011/12/19 v6.7a set line spacing
)
("C:\Users\ASUS\AppData\Local\Programs\MiKTeX 2.9\tex\latex\tools\enumerate.sty
"
Package: enumerate 2015/07/23 v3.00 enumerate extensions (DPC)
\@enLab=\toks21
)
("C:\Users\ASUS\AppData\Local\Programs\MiKTeX 2.9\tex\latex\tools\longtable.sty
"
Package: longtable 2014/10/28 v4.11 Multi-page Table package (DPC)
\LTleft=\skip49
\LTright=\skip50
\LTpre=\skip51
\LTpost=\skip52
\LTchunksize=\count106
\LTcapwidth=\dimen123
\LT@head=\box30
\LT@firsthead=\box31
\LT@foot=\box32
\LT@lastfoot=\box33
\LT@cols=\count107
\LT@rows=\count108
\c@LT@tables=\count109
\c@LT@chunks=\count110
\LT@p@ftn=\toks22
)
("C:\Users\ASUS\AppData\Local\Programs\MiKTeX 2.9\tex\latex\caption\caption.sty
"
Package: caption 2016/02/21 v3.3-144 Customizing captions (AR)

("C:\Users\ASUS\AppData\Local\Programs\MiKTeX 2.9\tex\latex\caption\caption3.st
y"
Package: caption3 2016/05/22 v1.7-166 caption3 kernel (AR)
Package caption3 Info: TeX engine: e-TeX on input line 67.
\captionmargin=\dimen124
\captionmargin@=\dimen125
\captionwidth=\dimen126
\caption@tempdima=\dimen127
\caption@indent=\dimen128
\caption@parindent=\dimen129
\caption@hangindent=\dimen130
)
\c@ContinuedFloat=\count111
Package caption Info: float package is loaded.
Package caption Info: hyperref package is loaded.
Package caption Info: longtable package is loaded.

("C:\Users\ASUS\AppData\Local\Programs\MiKTeX 2.9\tex\latex\caption\ltcaption.s
ty"
Package: ltcaption 2013/06/09 v1.4-94 longtable captions (AR)
))
("C:\Users\ASUS\AppData\Local\Programs\MiKTeX 2.9\tex\latex\caption\subcaption.
sty"
Package: subcaption 2016/05/22 v1.1-161 Sub-captions (AR)
\c@subfigure=\count112
\c@subtable=\count113
)
("C:\Users\ASUS\AppData\Local\Programs\MiKTeX 2.9\tex\latex\listings\listings.s
ty"
\lst@mode=\count114
\lst@gtempboxa=\box34
\lst@token=\toks23
\lst@length=\count115
\lst@currlwidth=\dimen131
\lst@column=\count116
\lst@pos=\count117
\lst@lostspace=\dimen132
\lst@width=\dimen133
\lst@newlines=\count118
\lst@lineno=\count119
\lst@maxwidth=\dimen134

("C:\Users\ASUS\AppData\Local\Programs\MiKTeX 2.9\tex\latex\listings\lstmisc.st
y"
File: lstmisc.sty 2015/06/04 1.6 (Carsten Heinz)
\c@lstnumber=\count120
\lst@skipnumbers=\count121
\lst@framebox=\box35
)
("C:\Users\ASUS\AppData\Local\Programs\MiKTeX 2.9\tex\latex\listings\listings.c
fg"
File: listings.cfg 2015/06/04 1.6 listings configuration
))
Package: listings 2015/06/04 1.6 (Carsten Heinz)

("C:\Users\ASUS\AppData\Local\Programs\MiKTeX 2.9\tex\latex\listings\lstlang1.s
ty"
File: lstlang1.sty 2015/06/04 1.6 listings language file
)
("C:\Users\ASUS\AppData\Local\Programs\MiKTeX 2.9\tex\latex\fancyhdr\fancyhdr.s
ty"
Package: fancyhdr 2017/06/30 v3.9a Extensive control of page headers and footer
s
\f@nch@headwidth=\skip53
\f@nch@O@elh=\skip54
\f@nch@O@erh=\skip55
\f@nch@O@olh=\skip56
\f@nch@O@orh=\skip57
\f@nch@O@elf=\skip58
\f@nch@O@erf=\skip59
\f@nch@O@olf=\skip60
\f@nch@O@orf=\skip61
)

Package Fancyhdr Warning: \fancyfoot's `E' option without twoside option is use
less on input line 76.


("C:\Users\ASUS\AppData\Local\Programs\MiKTeX 2.9\tex\latex\pgf\basiclayer\pgf.
sty"
("C:\Users\ASUS\AppData\Local\Programs\MiKTeX 2.9\tex\latex\pgf\utilities\pgfrc
s.sty"
("C:\Users\ASUS\AppData\Local\Programs\MiKTeX 2.9\tex\generic\pgf\utilities\pgf
util-common.tex"
\pgfutil@everybye=\toks24
\pgfutil@tempdima=\dimen135
\pgfutil@tempdimb=\dimen136

("C:\Users\ASUS\AppData\Local\Programs\MiKTeX 2.9\tex\generic\pgf\utilities\pgf
util-common-lists.tex"))
("C:\Users\ASUS\AppData\Local\Programs\MiKTeX 2.9\tex\generic\pgf\utilities\pgf
util-latex.def"
\pgfutil@abb=\box36

("C:\Users\ASUS\AppData\Local\Programs\MiKTeX 2.9\tex\latex\ms\everyshi.sty"
Package: everyshi 2001/05/15 v3.00 EveryShipout Package (MS)
))
("C:\Users\ASUS\AppData\Local\Programs\MiKTeX 2.9\tex\generic\pgf\utilities\pgf
rcs.code.tex"
Package: pgfrcs 2015/08/07 v3.0.1a (rcs-revision 1.31)
))
Package: pgf 2015/08/07 v3.0.1a (rcs-revision 1.15)

("C:\Users\ASUS\AppData\Local\Programs\MiKTeX 2.9\tex\latex\pgf\basiclayer\pgfc
ore.sty"
("C:\Users\ASUS\AppData\Local\Programs\MiKTeX 2.9\tex\latex\pgf\systemlayer\pgf
sys.sty"
("C:\Users\ASUS\AppData\Local\Programs\MiKTeX 2.9\tex\generic\pgf\systemlayer\p
gfsys.code.tex"
Package: pgfsys 2014/07/09 v3.0.1a (rcs-revision 1.48)

("C:\Users\ASUS\AppData\Local\Programs\MiKTeX 2.9\tex\generic\pgf\utilities\pgf
keys.code.tex"
\pgfkeys@pathtoks=\toks25
\pgfkeys@temptoks=\toks26

("C:\Users\ASUS\AppData\Local\Programs\MiKTeX 2.9\tex\generic\pgf\utilities\pgf
keysfiltered.code.tex"
\pgfkeys@tmptoks=\toks27
))
\pgf@x=\dimen137
\pgf@y=\dimen138
\pgf@xa=\dimen139
\pgf@ya=\dimen140
\pgf@xb=\dimen141
\pgf@yb=\dimen142
\pgf@xc=\dimen143
\pgf@yc=\dimen144
\w@pgf@writea=\write3
\r@pgf@reada=\read1
\c@pgf@counta=\count122
\c@pgf@countb=\count123
\c@pgf@countc=\count124
\c@pgf@countd=\count125
\t@pgf@toka=\toks28
\t@pgf@tokb=\toks29
\t@pgf@tokc=\toks30

("C:\Users\ASUS\AppData\Local\Programs\MiKTeX 2.9\tex\generic\pgf\systemlayer\p
gf.cfg"
File: pgf.cfg 2008/05/14  (rcs-revision 1.7)
)
Driver file for pgf: pgfsys-pdftex.def

("C:\Users\ASUS\AppData\Local\Programs\MiKTeX 2.9\tex\generic\pgf\systemlayer\p
gfsys-pdftex.def"
File: pgfsys-pdftex.def 2014/10/11  (rcs-revision 1.35)

("C:\Users\ASUS\AppData\Local\Programs\MiKTeX 2.9\tex\generic\pgf\systemlayer\p
gfsys-common-pdf.def"
File: pgfsys-common-pdf.def 2013/10/10  (rcs-revision 1.13)
)))
("C:\Users\ASUS\AppData\Local\Programs\MiKTeX 2.9\tex\generic\pgf\systemlayer\p
gfsyssoftpath.code.tex"
File: pgfsyssoftpath.code.tex 2013/09/09  (rcs-revision 1.9)
\pgfsyssoftpath@smallbuffer@items=\count126
\pgfsyssoftpath@bigbuffer@items=\count127
)
("C:\Users\ASUS\AppData\Local\Programs\MiKTeX 2.9\tex\generic\pgf\systemlayer\p
gfsysprotocol.code.tex"
File: pgfsysprotocol.code.tex 2006/10/16  (rcs-revision 1.4)
))
("C:\Users\ASUS\AppData\Local\Programs\MiKTeX 2.9\tex\generic\pgf\basiclayer\pg
fcore.code.tex"
Package: pgfcore 2010/04/11 v3.0.1a (rcs-revision 1.7)

("C:\Users\ASUS\AppData\Local\Programs\MiKTeX 2.9\tex\generic\pgf\math\pgfmath.
code.tex"
("C:\Users\ASUS\AppData\Local\Programs\MiKTeX 2.9\tex\generic\pgf\math\pgfmathc
alc.code.tex"
("C:\Users\ASUS\AppData\Local\Programs\MiKTeX 2.9\tex\generic\pgf\math\pgfmathu
til.code.tex")
("C:\Users\ASUS\AppData\Local\Programs\MiKTeX 2.9\tex\generic\pgf\math\pgfmathp
arser.code.tex"
\pgfmath@dimen=\dimen145
\pgfmath@count=\count128
\pgfmath@box=\box37
\pgfmath@toks=\toks31
\pgfmath@stack@operand=\toks32
\pgfmath@stack@operation=\toks33
)
("C:\Users\ASUS\AppData\Local\Programs\MiKTeX 2.9\tex\generic\pgf\math\pgfmathf
unctions.code.tex"
("C:\Users\ASUS\AppData\Local\Programs\MiKTeX 2.9\tex\generic\pgf\math\pgfmathf
unctions.basic.code.tex")
("C:\Users\ASUS\AppData\Local\Programs\MiKTeX 2.9\tex\generic\pgf\math\pgfmathf
unctions.trigonometric.code.tex")
("C:\Users\ASUS\AppData\Local\Programs\MiKTeX 2.9\tex\generic\pgf\math\pgfmathf
unctions.random.code.tex")
("C:\Users\ASUS\AppData\Local\Programs\MiKTeX 2.9\tex\generic\pgf\math\pgfmathf
unctions.comparison.code.tex")
("C:\Users\ASUS\AppData\Local\Programs\MiKTeX 2.9\tex\generic\pgf\math\pgfmathf
unctions.base.code.tex")
("C:\Users\ASUS\AppData\Local\Programs\MiKTeX 2.9\tex\generic\pgf\math\pgfmathf
unctions.round.code.tex")
("C:\Users\ASUS\AppData\Local\Programs\MiKTeX 2.9\tex\generic\pgf\math\pgfmathf
unctions.misc.code.tex")
("C:\Users\ASUS\AppData\Local\Programs\MiKTeX 2.9\tex\generic\pgf\math\pgfmathf
unctions.integerarithmetics.code.tex")))
("C:\Users\ASUS\AppData\Local\Programs\MiKTeX 2.9\tex\generic\pgf\math\pgfmathf
loat.code.tex"
\c@pgfmathroundto@lastzeros=\count129
))
("C:\Users\ASUS\AppData\Local\Programs\MiKTeX 2.9\tex\generic\pgf\basiclayer\pg
fcorepoints.code.tex"
File: pgfcorepoints.code.tex 2013/10/07  (rcs-revision 1.27)
\pgf@picminx=\dimen146
\pgf@picmaxx=\dimen147
\pgf@picminy=\dimen148
\pgf@picmaxy=\dimen149
\pgf@pathminx=\dimen150
\pgf@pathmaxx=\dimen151
\pgf@pathminy=\dimen152
\pgf@pathmaxy=\dimen153
\pgf@xx=\dimen154
\pgf@xy=\dimen155
\pgf@yx=\dimen156
\pgf@yy=\dimen157
\pgf@zx=\dimen158
\pgf@zy=\dimen159
)
("C:\Users\ASUS\AppData\Local\Programs\MiKTeX 2.9\tex\generic\pgf\basiclayer\pg
fcorepathconstruct.code.tex"
File: pgfcorepathconstruct.code.tex 2013/10/07  (rcs-revision 1.29)
\pgf@path@lastx=\dimen160
\pgf@path@lasty=\dimen161
)
("C:\Users\ASUS\AppData\Local\Programs\MiKTeX 2.9\tex\generic\pgf\basiclayer\pg
fcorepathusage.code.tex"
File: pgfcorepathusage.code.tex 2014/11/02  (rcs-revision 1.24)
\pgf@shorten@end@additional=\dimen162
\pgf@shorten@start@additional=\dimen163
)
("C:\Users\ASUS\AppData\Local\Programs\MiKTeX 2.9\tex\generic\pgf\basiclayer\pg
fcorescopes.code.tex"
File: pgfcorescopes.code.tex 2015/05/08  (rcs-revision 1.46)
\pgfpic=\box38
\pgf@hbox=\box39
\pgf@layerbox@main=\box40
\pgf@picture@serial@count=\count130
)
("C:\Users\ASUS\AppData\Local\Programs\MiKTeX 2.9\tex\generic\pgf\basiclayer\pg
fcoregraphicstate.code.tex"
File: pgfcoregraphicstate.code.tex 2014/11/02  (rcs-revision 1.12)
\pgflinewidth=\dimen164
)
("C:\Users\ASUS\AppData\Local\Programs\MiKTeX 2.9\tex\generic\pgf\basiclayer\pg
fcoretransformations.code.tex"
File: pgfcoretransformations.code.tex 2015/08/07  (rcs-revision 1.20)
\pgf@pt@x=\dimen165
\pgf@pt@y=\dimen166
\pgf@pt@temp=\dimen167
)
("C:\Users\ASUS\AppData\Local\Programs\MiKTeX 2.9\tex\generic\pgf\basiclayer\pg
fcorequick.code.tex"
File: pgfcorequick.code.tex 2008/10/09  (rcs-revision 1.3)
)
("C:\Users\ASUS\AppData\Local\Programs\MiKTeX 2.9\tex\generic\pgf\basiclayer\pg
fcoreobjects.code.tex"
File: pgfcoreobjects.code.tex 2006/10/11  (rcs-revision 1.2)
)
("C:\Users\ASUS\AppData\Local\Programs\MiKTeX 2.9\tex\generic\pgf\basiclayer\pg
fcorepathprocessing.code.tex"
File: pgfcorepathprocessing.code.tex 2013/09/09  (rcs-revision 1.9)
)
("C:\Users\ASUS\AppData\Local\Programs\MiKTeX 2.9\tex\generic\pgf\basiclayer\pg
fcorearrows.code.tex"
File: pgfcorearrows.code.tex 2015/05/14  (rcs-revision 1.43)
\pgfarrowsep=\dimen168
)
("C:\Users\ASUS\AppData\Local\Programs\MiKTeX 2.9\tex\generic\pgf\basiclayer\pg
fcoreshade.code.tex"
File: pgfcoreshade.code.tex 2013/07/15  (rcs-revision 1.15)
\pgf@max=\dimen169
\pgf@sys@shading@range@num=\count131
)
("C:\Users\ASUS\AppData\Local\Programs\MiKTeX 2.9\tex\generic\pgf\basiclayer\pg
fcoreimage.code.tex"
File: pgfcoreimage.code.tex 2013/07/15  (rcs-revision 1.18)

("C:\Users\ASUS\AppData\Local\Programs\MiKTeX 2.9\tex\generic\pgf\basiclayer\pg
fcoreexternal.code.tex"
File: pgfcoreexternal.code.tex 2014/07/09  (rcs-revision 1.21)
\pgfexternal@startupbox=\box41
))
("C:\Users\ASUS\AppData\Local\Programs\MiKTeX 2.9\tex\generic\pgf\basiclayer\pg
fcorelayers.code.tex"
File: pgfcorelayers.code.tex 2013/07/18  (rcs-revision 1.7)
)
("C:\Users\ASUS\AppData\Local\Programs\MiKTeX 2.9\tex\generic\pgf\basiclayer\pg
fcoretransparency.code.tex"
File: pgfcoretransparency.code.tex 2013/09/30  (rcs-revision 1.5)
)
("C:\Users\ASUS\AppData\Local\Programs\MiKTeX 2.9\tex\generic\pgf\basiclayer\pg
fcorepatterns.code.tex"
File: pgfcorepatterns.code.tex 2013/11/07  (rcs-revision 1.5)
)))
("C:\Users\ASUS\AppData\Local\Programs\MiKTeX 2.9\tex\generic\pgf\modules\pgfmo
duleshapes.code.tex"
File: pgfmoduleshapes.code.tex 2014/03/21  (rcs-revision 1.35)
\pgfnodeparttextbox=\box42
)
("C:\Users\ASUS\AppData\Local\Programs\MiKTeX 2.9\tex\generic\pgf\modules\pgfmo
duleplot.code.tex"
File: pgfmoduleplot.code.tex 2015/08/03  (rcs-revision 1.13)
)
("C:\Users\ASUS\AppData\Local\Programs\MiKTeX 2.9\tex\latex\pgf\compatibility\p
gfcomp-version-0-65.sty"
Package: pgfcomp-version-0-65 2007/07/03 v3.0.1a (rcs-revision 1.7)
\pgf@nodesepstart=\dimen170
\pgf@nodesepend=\dimen171
)
("C:\Users\ASUS\AppData\Local\Programs\MiKTeX 2.9\tex\latex\pgf\compatibility\p
gfcomp-version-1-18.sty"
Package: pgfcomp-version-1-18 2007/07/23 v3.0.1a (rcs-revision 1.1)
))
("C:\Users\ASUS\AppData\Local\Programs\MiKTeX 2.9\tex\latex\pgf\utilities\pgfpa
ges.sty"
Package: pgfpages 2011/01/05 ver 0.02
\pgf@logicalpages=\count132
\pgf@firstshipout=\count133
\pgf@lastshipout=\count134
\pgf@currentshipout=\count135
\pgf@cpn=\count136
\pgf@shipoutnextto=\count137
\pgfphysicalheight=\dimen172
\pgfphysicalwidth=\dimen173
\pgfpages@shipoutbox=\box43
)
\pgfpages@box@1=\box44
 (title.aux)
\openout1 = `title.aux'.

LaTeX Font Info:    Checking defaults for OML/cmm/m/it on input line 105.
LaTeX Font Info:    ... okay on input line 105.
LaTeX Font Info:    Checking defaults for T1/cmr/m/n on input line 105.
LaTeX Font Info:    ... okay on input line 105.
LaTeX Font Info:    Checking defaults for OT1/cmr/m/n on input line 105.
LaTeX Font Info:    ... okay on input line 105.
LaTeX Font Info:    Checking defaults for OMS/pzccm/m/n on input line 105.
LaTeX Font Info:    Try loading font information for OMS+pzccm on input line 10
5.

("C:\Users\ASUS\AppData\Local\Programs\MiKTeX 2.9\tex\latex\psnfss\omspzccm.fd"
File: omspzccm.fd 2000/01/03 Fontinst v1.801 font definitions for OMS/pzccm.
)
LaTeX Font Info:    ... okay on input line 105.
LaTeX Font Info:    Checking defaults for OMX/cmex/m/n on input line 105.
LaTeX Font Info:    ... okay on input line 105.
LaTeX Font Info:    Checking defaults for U/cmr/m/n on input line 105.
LaTeX Font Info:    ... okay on input line 105.
LaTeX Font Info:    Checking defaults for PD1/pdf/m/n on input line 105.
LaTeX Font Info:    ... okay on input line 105.

*geometry* driver: auto-detecting
*geometry* detected driver: pdftex
*geometry* verbose mode - [ preamble ] result:
* driver: pdftex
* paper: a4paper
* layout: <same size as paper>
* layoutoffset:(h,v)=(0.0pt,0.0pt)
* modes: 
* h-part:(L,W,R)=(57.81621pt, 481.87546pt, 57.81621pt)
* v-part:(T,H,B)=(50.58878pt, 743.8693pt, 50.58878pt)
* \paperwidth=597.50787pt
* \paperheight=845.04684pt
* \textwidth=481.87546pt
* \textheight=743.8693pt
* \oddsidemargin=-14.45378pt
* \evensidemargin=-14.45378pt
* \topmargin=-58.68121pt
* \headheight=12.0pt
* \headsep=25.0pt
* \topskip=12.0pt
* \footskip=30.0pt
* \marginparwidth=35.0pt
* \marginparsep=10.0pt
* \columnsep=10.0pt
* \skip\footins=10.8pt plus 4.0pt minus 2.0pt
* \hoffset=0.0pt
* \voffset=0.0pt
* \mag=1000
* \@twocolumnfalse
* \@twosidefalse
* \@mparswitchfalse
* \@reversemarginfalse
* (1in=72.27pt=25.4mm, 1cm=28.453pt)


("C:\Users\ASUS\AppData\Local\Programs\MiKTeX 2.9\tex\context\base\supp-pdf.mki
i"
[Loading MPS to PDF converter (version 2006.09.02).]
\scratchcounter=\count138
\scratchdimen=\dimen174
\scratchbox=\box45
\nofMPsegments=\count139
\nofMParguments=\count140
\everyMPshowfont=\toks34
\MPscratchCnt=\count141
\MPscratchDim=\dimen175
\MPnumerator=\count142
\makeMPintoPDFobject=\count143
\everyMPtoPDFconversion=\toks35
)
("C:\Users\ASUS\AppData\Local\Programs\MiKTeX 2.9\tex\latex\oberdiek\epstopdf-b
ase.sty"
Package: epstopdf-base 2016/05/15 v2.6 Base part for package epstopdf

("C:\Users\ASUS\AppData\Local\Programs\MiKTeX 2.9\tex\latex\oberdiek\grfext.sty
"
Package: grfext 2016/05/16 v1.2 Manage graphics extensions (HO)
)
Package epstopdf-base Info: Redefining graphics rule for `.eps' on input line 4
38.
Package grfext Info: Graphics extension search list:
(grfext)             [.pdf,.png,.jpg,.mps,.jpeg,.jbig2,.jb2,.PDF,.PNG,.JPG,.JPE
G,.JBIG2,.JB2,.eps]
(grfext)             \AppendGraphicsExtensions on input line 456.
)
\AtBeginShipoutBox=\box46
Package hyperref Info: Link coloring OFF on input line 105.

("C:\Users\ASUS\AppData\Local\Programs\MiKTeX 2.9\tex\latex\hyperref\nameref.st
y"
Package: nameref 2016/05/21 v2.44 Cross-referencing by name of section

("C:\Users\ASUS\AppData\Local\Programs\MiKTeX 2.9\tex\generic\oberdiek\gettitle
string.sty"
Package: gettitlestring 2016/05/16 v1.5 Cleanup title references (HO)
)
\c@section@level=\count144
)
LaTeX Info: Redefining \ref on input line 105.
LaTeX Info: Redefining \pageref on input line 105.
LaTeX Info: Redefining \nameref on input line 105.
 (title.out) (title.out)
\@outlinefile=\write4
\openout4 = `title.out'.


("C:\Users\ASUS\AppData\Local\Programs\MiKTeX 2.9\tex\latex\oberdiek\pdflscape.
sty"
Package: pdflscape 2016/05/14 v0.11 Display of landscape pages in PDF (HO)

("C:\Users\ASUS\AppData\Local\Programs\MiKTeX 2.9\tex\latex\graphics\lscape.sty
"
Package: lscape 2000/10/22 v3.01 Landscape Pages (DPC)
)
Package pdflscape Info: Auto-detected driver: pdftex on input line 81.
)
Package caption Info: Begin \AtBeginDocument code.
Package caption Info: listings package is loaded.
Package caption Info: End \AtBeginDocument code.
\c@lstlisting=\count145
 ABD: EveryShipout initializing macros
LaTeX Font Info:    Font shape `OT1/ptm/bx/sc' in size <17.28> not available
(Font)              Font shape `OT1/ptm/b/sc' tried instead on input line 111.
LaTeX Font Info:    Font shape `OT1/ptm/bx/n' in size <20.74> not available
(Font)              Font shape `OT1/ptm/b/n' tried instead on input line 113.
LaTeX Font Info:    Try loading font information for OT1+ptmcm on input line 12
0.

("C:\Users\ASUS\AppData\Local\Programs\MiKTeX 2.9\tex\latex\psnfss\ot1ptmcm.fd"
File: ot1ptmcm.fd 2000/01/03 Fontinst v1.801 font definitions for OT1/ptmcm.
)
LaTeX Font Info:    Try loading font information for OML+ptmcm on input line 12
0.
 ("C:\Users\ASUS\AppData\Local\Programs\MiKTeX 2.9\tex\latex\psnfss\omlptmcm.fd
"
File: omlptmcm.fd 2000/01/03 Fontinst v1.801 font definitions for OML/ptmcm.
)
LaTeX Font Info:    Try loading font information for OMX+psycm on input line 12
0.

("C:\Users\ASUS\AppData\Local\Programs\MiKTeX 2.9\tex\latex\psnfss\omxpsycm.fd"
File: omxpsycm.fd 2000/01/03 Fontinst v1.801 font definitions for OMX/psycm.
)
LaTeX Font Info:    Font shape `OT1/ptm/bx/n' in size <17.28> not available
(Font)              Font shape `OT1/ptm/b/n' tried instead on input line 120.
LaTeX Font Info:    Font shape `OT1/ptm/bx/n' in size <12> not available
(Font)              Font shape `OT1/ptm/b/n' tried instead on input line 120.
LaTeX Font Info:    Font shape `OT1/ptm/bx/n' in size <10> not available
(Font)              Font shape `OT1/ptm/b/n' tried instead on input line 120.
LaTeX Font Info:    Font shape `OT1/ptm/bx/n' in size <14.4> not available
(Font)              Font shape `OT1/ptm/b/n' tried instead on input line 127.
<images/download.png, id=6, 227.85126pt x 222.8325pt>
File: images/download.png Graphic file (type png)
<use images/download.png>
Package pdftex.def Info: images/download.png  used on input line 129.
(pdftex.def)             Requested size: 91.13889pt x 89.13141pt.
 [2

{C:/Users/ASUS/AppData/Local/MiKTeX/2.9/pdftex/config/pdftex.map} <./images/dow
nload.png>]
Package atveryend Info: Empty hook `BeforeClearDocument' on input line 137.
Package atveryend Info: Empty hook `AfterLastShipout' on input line 137.
 (title.aux)
Package atveryend Info: Executing hook `AtVeryEndDocument' on input line 137.
Package atveryend Info: Executing hook `AtEndAfterFileList' on input line 137.
Package rerunfilecheck Info: File `title.out' has not changed.
(rerunfilecheck)             Checksum: D41D8CD98F00B204E9800998ECF8427E;0.
Package atveryend Info: Empty hook `AtVeryVeryEnd' on input line 137.
 ) 
Here is how much of TeX's memory you used:
 16730 strings out of 493303
 302659 string characters out of 3130219
 377356 words of memory out of 3000000
 19988 multiletter control sequences out of 15000+200000
 28537 words of font info for 53 fonts, out of 3000000 for 9000
 1141 hyphenation exceptions out of 8191
 48i,8n,45p,409b,414s stack positions out of 5000i,500n,10000p,200000b,50000s
{C:/Users/ASUS/AppData/Local/Programs/MiKTeX 2.9/fonts/enc/dvips/base/8r.enc}
<C:/Users/ASUS/AppData/Local/Programs/MiKTeX 2.9/fonts/type1/urw/times/utmb8a.p
fb><C:/Users/ASUS/AppData/Local/Programs/MiKTeX 2.9/fonts/type1/urw/times/utmr8
a.pfb><C:/Users/ASUS/AppData/Local/Programs/MiKTeX 2.9/fonts/type1/urw/times/ut
mri8a.pfb>
Output written on title.pdf (1 page, 49333 bytes).
PDF statistics:
 30 PDF objects out of 1000 (max. 8388607)
 3 named destinations out of 1000 (max. 500000)
 18 words of extra memory for PDF output out of 10000 (max. 10000000)

